[OTHER] 2025/04/15 22:21:40 logger.go:53: Request: GET /index from [::1]:49705
[OTHER] 2025/04/15 22:21:40 logger.go:53: Response time: 20.9824ms for GET /index
[OTHER] 2025/04/15 22:21:43 logger.go:53: Request: GET /login from [::1]:49705
[OTHER] 2025/04/15 22:21:43 logger.go:53: Response time: 1.5081ms for GET /login
[OTHER] 2025/04/15 22:21:49 logger.go:53: Request: POST /login from [::1]:49705
[OTHER] 2025/04/15 22:21:50 logger.go:53: Response time: 61.2349ms for POST /login
[OTHER] 2025/04/15 22:21:50 logger.go:53: Request: GET /index from [::1]:49705
[OTHER] 2025/04/15 22:21:50 logger.go:53: Response time: 3.4449ms for GET /index
[OTHER] 2025/04/15 22:21:55 logger.go:53: Request: GET /userList from [::1]:49705
[OTHER] 2025/04/15 22:21:55 logger.go:53: Response time: 2.8181ms for GET /userList
[OTHER] 2025/04/15 22:21:56 logger.go:53: Request: GET /index from [::1]:49705
[OTHER] 2025/04/15 22:21:56 logger.go:53: Response time: 3.4975ms for GET /index
[OTHER] 2025/04/15 22:21:56 logger.go:53: Request: GET /userList from [::1]:49705
[OTHER] 2025/04/15 22:21:56 logger.go:53: Response time: 2.1029ms for GET /userList
[OTHER] 2025/04/15 22:21:58 logger.go:53: Request: GET /index from [::1]:49705
[OTHER] 2025/04/15 22:21:58 logger.go:53: Response time: 4.2643ms for GET /index
[OTHER] 2025/04/16 15:41:07 logger.go:53: Request: GET /login from [::1]:54377
[OTHER] 2025/04/16 15:41:07 logger.go:53: Response time: 42.1313ms for GET /login
[OTHER] 2025/04/16 15:41:12 logger.go:53: Request: POST /login from [::1]:54377
[OTHER] 2025/04/16 15:41:12 logger.go:53: Response time: 58.1788ms for POST /login
[OTHER] 2025/04/16 15:41:29 logger.go:53: Request: POST /register from [::1]:54377
[OTHER] 2025/04/16 15:41:29 logger.go:53: 用户名已存在
[OTHER] 2025/04/16 15:41:29 logger.go:53: Response time: 593.6µs for POST /register
[OTHER] 2025/04/16 15:41:41 logger.go:53: Request: POST /register from [::1]:54377
[OTHER] 2025/04/16 15:41:41 logger.go:53: Response time: 65.9709ms for POST /register
[OTHER] 2025/04/16 15:41:50 logger.go:53: Request: POST /login from [::1]:54377
[OTHER] 2025/04/16 15:41:50 logger.go:53: Response time: 67.3638ms for POST /login
[OTHER] 2025/04/16 15:41:50 logger.go:53: Request: GET /index from [::1]:54377
[OTHER] 2025/04/16 15:41:50 logger.go:53: Response time: 37.1771ms for GET /index
[OTHER] 2025/04/16 15:41:56 logger.go:53: Request: GET /userList from [::1]:54377
[OTHER] 2025/04/16 15:41:56 logger.go:53: Response time: 29.3589ms for GET /userList
[OTHER] 2025/04/16 15:41:56 logger.go:53: Request: GET /static/avatar/userC_1744202854602881200.jpg from [::1]:54377
[OTHER] 2025/04/16 15:41:56 logger.go:53: Response time: 0s for GET /static/avatar/userC_1744202854602881200.jpg
[OTHER] 2025/04/16 15:41:56 logger.go:53: Request: GET /static/avatar/userD_1744204322899868000.jpg from [::1]:54378
[OTHER] 2025/04/16 15:41:56 logger.go:53: Response time: 0s for GET /static/avatar/userD_1744204322899868000.jpg
[OTHER] 2025/04/16 15:41:56 logger.go:53: Request: GET /static/avatar/userF_1744252834612802500.jpg from [::1]:54378
[OTHER] 2025/04/16 15:41:56 logger.go:53: Response time: 0s for GET /static/avatar/userF_1744252834612802500.jpg
[OTHER] 2025/04/16 15:41:56 logger.go:53: Request: GET /static/avatar/userE_1744251811232579300.jpg from [::1]:54377
[OTHER] 2025/04/16 15:41:56 logger.go:53: Response time: 0s for GET /static/avatar/userE_1744251811232579300.jpg
[OTHER] 2025/04/16 15:43:26 logger.go:53: Request: GET /login from [::1]:54526
[OTHER] 2025/04/16 15:43:26 logger.go:53: Response time: 16.3206ms for GET /login
[OTHER] 2025/04/16 15:43:29 logger.go:53: Request: GET /login from [::1]:54526
[OTHER] 2025/04/16 15:43:29 logger.go:53: Response time: 509.2µs for GET /login
[OTHER] 2025/04/16 16:34:00 logger.go:53: Request: GET /login from [::1]:61523
[OTHER] 2025/04/16 16:34:00 logger.go:53: Response time: 16.2704ms for GET /login
[OTHER] 2025/04/16 16:34:04 logger.go:53: Request: POST /login from [::1]:61523
[OTHER] 2025/04/16 16:34:04 logger.go:53: Response time: 53.3312ms for POST /login
[OTHER] 2025/04/16 16:34:44 logger.go:53: Request: POST /register from [::1]:61523
[OTHER] 2025/04/16 16:34:44 logger.go:53: Response time: 59.3657ms for POST /register
[OTHER] 2025/04/16 16:35:00 logger.go:53: Request: POST /login from [::1]:61523
[OTHER] 2025/04/16 16:35:00 logger.go:53: Response time: 68.9448ms for POST /login
[OTHER] 2025/04/16 16:35:00 logger.go:53: Request: GET /index from [::1]:61523
[OTHER] 2025/04/16 16:35:00 logger.go:53: Response time: 4.0883ms for GET /index
[OTHER] 2025/04/16 16:35:05 logger.go:53: Request: GET /userList from [::1]:61523
[OTHER] 2025/04/16 16:35:05 logger.go:53: Response time: 2.9745ms for GET /userList
[OTHER] 2025/04/16 16:35:05 logger.go:53: Request: GET /static/avatar/userC_1744202854602881200.jpg from [::1]:61523
[OTHER] 2025/04/16 16:35:05 logger.go:53: Response time: 0s for GET /static/avatar/userC_1744202854602881200.jpg
[OTHER] 2025/04/16 16:35:05 logger.go:53: Request: GET /static/avatar/userD_1744204322899868000.jpg from [::1]:61523
[OTHER] 2025/04/16 16:35:05 logger.go:53: Response time: 0s for GET /static/avatar/userD_1744204322899868000.jpg
[OTHER] 2025/04/16 16:35:05 logger.go:53: Request: GET /static/avatar/userE_1744251811232579300.jpg from [::1]:61523
[OTHER] 2025/04/16 16:35:05 logger.go:53: Response time: 0s for GET /static/avatar/userE_1744251811232579300.jpg
[OTHER] 2025/04/16 16:35:05 logger.go:53: Request: GET /static/avatar/userF_1744252834612802500.jpg from [::1]:61523
[OTHER] 2025/04/16 16:35:05 logger.go:53: Response time: 0s for GET /static/avatar/userF_1744252834612802500.jpg
[OTHER] 2025/04/16 16:35:10 logger.go:53: Request: GET /userList from [::1]:61523
[OTHER] 2025/04/16 16:35:10 logger.go:53: Response time: 2.6953ms for GET /userList
[OTHER] 2025/04/16 16:35:10 logger.go:53: Request: GET /static/avatar/user1_1744355751506502400.jpg from [::1]:61523
[OTHER] 2025/04/16 16:35:10 logger.go:53: Response time: 0s for GET /static/avatar/user1_1744355751506502400.jpg
[OTHER] 2025/04/16 16:35:10 logger.go:53: Request: GET /static/avatar/埃里克_1744591729177460600.jpg from [::1]:61579
[OTHER] 2025/04/16 16:35:10 logger.go:53: Response time: 0s for GET /static/avatar/埃里克_1744591729177460600.jpg
[OTHER] 2025/04/16 16:35:10 logger.go:53: Request: GET /static/avatar/淀粉_1744591803158434400.jpg from [::1]:61579
[OTHER] 2025/04/16 16:35:10 logger.go:53: Response time: 0s for GET /static/avatar/淀粉_1744591803158434400.jpg
[OTHER] 2025/04/16 16:35:10 logger.go:53: Request: GET /static/avatar/吉米_1744633498480497200.jpg from [::1]:61523
[OTHER] 2025/04/16 16:35:10 logger.go:53: Response time: 0s for GET /static/avatar/吉米_1744633498480497200.jpg
[OTHER] 2025/04/16 16:35:10 logger.go:53: Request: GET /static/avatar/夏莉_1744633534623965800.jpg from [::1]:61593
[OTHER] 2025/04/16 16:35:10 logger.go:53: Response time: 0s for GET /static/avatar/夏莉_1744633534623965800.jpg
[OTHER] 2025/04/16 16:35:10 logger.go:53: Request: GET /static/avatar/阿吉_1744633469306199800.jpg from [::1]:61594
[OTHER] 2025/04/16 16:35:10 logger.go:53: Response time: 0s for GET /static/avatar/阿吉_1744633469306199800.jpg
[OTHER] 2025/04/16 16:35:10 logger.go:53: Request: GET /static/avatar/用户468743_1744633580891795600.jpg from [::1]:61595
[OTHER] 2025/04/16 16:35:10 logger.go:53: Response time: 0s for GET /static/avatar/用户468743_1744633580891795600.jpg
[OTHER] 2025/04/16 16:35:13 logger.go:53: Request: GET /userList from [::1]:61595
[OTHER] 2025/04/16 16:35:13 logger.go:53: Response time: 2.0167ms for GET /userList
[OTHER] 2025/04/16 16:35:13 logger.go:53: Request: GET /static/avatar/userH_1744722853568190500.jpg from [::1]:61595
[OTHER] 2025/04/16 16:35:13 logger.go:53: Response time: 0s for GET /static/avatar/userH_1744722853568190500.jpg
[OTHER] 2025/04/16 16:35:15 logger.go:53: Request: GET /userList from [::1]:61595
[OTHER] 2025/04/16 16:35:15 logger.go:53: Response time: 1.9716ms for GET /userList
[OTHER] 2025/04/16 16:35:15 logger.go:53: Request: GET /static/avatar/user1_1744355751506502400.jpg from [::1]:61595
[OTHER] 2025/04/16 16:35:15 logger.go:53: Response time: 0s for GET /static/avatar/user1_1744355751506502400.jpg
[OTHER] 2025/04/16 16:35:15 logger.go:53: Request: GET /static/avatar/埃里克_1744591729177460600.jpg from [::1]:61594
[OTHER] 2025/04/16 16:35:15 logger.go:53: Response time: 0s for GET /static/avatar/埃里克_1744591729177460600.jpg
[OTHER] 2025/04/16 16:35:15 logger.go:53: Request: GET /static/avatar/淀粉_1744591803158434400.jpg from [::1]:61594
[OTHER] 2025/04/16 16:35:15 logger.go:53: Response time: 0s for GET /static/avatar/淀粉_1744591803158434400.jpg
[OTHER] 2025/04/16 16:35:15 logger.go:53: Request: GET /static/avatar/阿吉_1744633469306199800.jpg from [::1]:61595
[OTHER] 2025/04/16 16:35:15 logger.go:53: Response time: 0s for GET /static/avatar/阿吉_1744633469306199800.jpg
[OTHER] 2025/04/16 16:35:15 logger.go:53: Request: GET /static/avatar/吉米_1744633498480497200.jpg from [::1]:61593
[OTHER] 2025/04/16 16:35:15 logger.go:53: Response time: 0s for GET /static/avatar/吉米_1744633498480497200.jpg
[OTHER] 2025/04/16 16:35:15 logger.go:53: Request: GET /static/avatar/夏莉_1744633534623965800.jpg from [::1]:61523
[OTHER] 2025/04/16 16:35:15 logger.go:53: Response time: 0s for GET /static/avatar/夏莉_1744633534623965800.jpg
[OTHER] 2025/04/16 16:35:15 logger.go:53: Request: GET /static/avatar/用户468743_1744633580891795600.jpg from [::1]:61579
[OTHER] 2025/04/16 16:35:15 logger.go:53: Response time: 0s for GET /static/avatar/用户468743_1744633580891795600.jpg
[OTHER] 2025/04/16 16:35:16 logger.go:53: Request: GET /userList from [::1]:61579
[OTHER] 2025/04/16 16:35:16 logger.go:53: Response time: 2.3884ms for GET /userList
[OTHER] 2025/04/16 16:35:16 logger.go:53: Request: GET /static/avatar/userC_1744202854602881200.jpg from [::1]:61579
[OTHER] 2025/04/16 16:35:16 logger.go:53: Response time: 0s for GET /static/avatar/userC_1744202854602881200.jpg
[OTHER] 2025/04/16 16:35:16 logger.go:53: Request: GET /static/avatar/userD_1744204322899868000.jpg from [::1]:61523
[OTHER] 2025/04/16 16:35:16 logger.go:53: Response time: 0s for GET /static/avatar/userD_1744204322899868000.jpg
[OTHER] 2025/04/16 16:35:16 logger.go:53: Request: GET /static/avatar/userE_1744251811232579300.jpg from [::1]:61523
[OTHER] 2025/04/16 16:35:16 logger.go:53: Response time: 0s for GET /static/avatar/userE_1744251811232579300.jpg
[OTHER] 2025/04/16 16:35:16 logger.go:53: Request: GET /static/avatar/userF_1744252834612802500.jpg from [::1]:61579
[OTHER] 2025/04/16 16:35:16 logger.go:53: Response time: 0s for GET /static/avatar/userF_1744252834612802500.jpg
[OTHER] 2025/04/16 16:35:25 logger.go:53: Request: GET /userList from [::1]:61579
[OTHER] 2025/04/16 16:35:25 logger.go:53: Response time: 3.1363ms for GET /userList
[OTHER] 2025/04/16 16:35:25 logger.go:53: Request: GET /static/avatar/userH_1744722853568190500.jpg from [::1]:61579
[OTHER] 2025/04/16 16:35:25 logger.go:53: Response time: 0s for GET /static/avatar/userH_1744722853568190500.jpg
[OTHER] 2025/04/16 16:35:26 logger.go:53: Request: GET /userList from [::1]:61579
[OTHER] 2025/04/16 16:35:26 logger.go:53: Response time: 2.4061ms for GET /userList
[OTHER] 2025/04/16 16:35:26 logger.go:53: Request: GET /static/avatar/userC_1744202854602881200.jpg from [::1]:61579
[OTHER] 2025/04/16 16:35:26 logger.go:53: Response time: 0s for GET /static/avatar/userC_1744202854602881200.jpg
[OTHER] 2025/04/16 16:35:26 logger.go:53: Request: GET /static/avatar/userD_1744204322899868000.jpg from [::1]:61523
[OTHER] 2025/04/16 16:35:26 logger.go:53: Response time: 0s for GET /static/avatar/userD_1744204322899868000.jpg
[OTHER] 2025/04/16 16:35:26 logger.go:53: Request: GET /static/avatar/userE_1744251811232579300.jpg from [::1]:61523
[OTHER] 2025/04/16 16:35:26 logger.go:53: Request: GET /static/avatar/userF_1744252834612802500.jpg from [::1]:61579
[OTHER] 2025/04/16 16:35:26 logger.go:53: Response time: 0s for GET /static/avatar/userE_1744251811232579300.jpg
[OTHER] 2025/04/16 16:35:26 logger.go:53: Response time: 0s for GET /static/avatar/userF_1744252834612802500.jpg
[OTHER] 2025/04/16 16:35:30 logger.go:53: Request: GET /userList from [::1]:61523
[OTHER] 2025/04/16 16:35:30 logger.go:53: Response time: 2.285ms for GET /userList
[OTHER] 2025/04/16 16:35:30 logger.go:53: Request: GET /static/avatar/userH_1744722853568190500.jpg from [::1]:61523
[OTHER] 2025/04/16 16:35:30 logger.go:53: Response time: 0s for GET /static/avatar/userH_1744722853568190500.jpg
[OTHER] 2025/04/16 16:35:33 logger.go:53: Request: GET /userList from [::1]:61523
[OTHER] 2025/04/16 16:35:33 logger.go:53: Response time: 2.8446ms for GET /userList
[OTHER] 2025/04/16 16:35:33 logger.go:53: Request: GET /static/avatar/userC_1744202854602881200.jpg from [::1]:61523
[OTHER] 2025/04/16 16:35:33 logger.go:53: Response time: 0s for GET /static/avatar/userC_1744202854602881200.jpg
[OTHER] 2025/04/16 16:35:33 logger.go:53: Request: GET /static/avatar/userD_1744204322899868000.jpg from [::1]:61579
[OTHER] 2025/04/16 16:35:33 logger.go:53: Response time: 0s for GET /static/avatar/userD_1744204322899868000.jpg
[OTHER] 2025/04/16 16:35:33 logger.go:53: Request: GET /static/avatar/userE_1744251811232579300.jpg from [::1]:61579
[OTHER] 2025/04/16 16:35:33 logger.go:53: Response time: 0s for GET /static/avatar/userE_1744251811232579300.jpg
[OTHER] 2025/04/16 16:35:33 logger.go:53: Request: GET /static/avatar/userF_1744252834612802500.jpg from [::1]:61523
[OTHER] 2025/04/16 16:35:33 logger.go:53: Response time: 0s for GET /static/avatar/userF_1744252834612802500.jpg
[OTHER] 2025/04/16 16:36:56 logger.go:53: Request: GET /userList from [::1]:61683
[OTHER] 2025/04/16 16:36:56 logger.go:53: Response time: 20.6009ms for GET /userList
[OTHER] 2025/04/16 16:36:56 logger.go:53: Request: GET /static/avatar/userC_1744202854602881200.jpg from [::1]:61683
[OTHER] 2025/04/16 16:36:56 logger.go:53: Response time: 0s for GET /static/avatar/userC_1744202854602881200.jpg
[OTHER] 2025/04/16 16:36:56 logger.go:53: Request: GET /static/avatar/userD_1744204322899868000.jpg from [::1]:61683
[OTHER] 2025/04/16 16:36:56 logger.go:53: Response time: 0s for GET /static/avatar/userD_1744204322899868000.jpg
[OTHER] 2025/04/16 16:36:56 logger.go:53: Request: GET /static/avatar/userE_1744251811232579300.jpg from [::1]:61683
[OTHER] 2025/04/16 16:36:56 logger.go:53: Response time: 0s for GET /static/avatar/userE_1744251811232579300.jpg
[OTHER] 2025/04/16 16:36:56 logger.go:53: Request: GET /static/avatar/userF_1744252834612802500.jpg from [::1]:61683
[OTHER] 2025/04/16 16:36:56 logger.go:53: Response time: 0s for GET /static/avatar/userF_1744252834612802500.jpg
[OTHER] 2025/04/16 16:36:59 logger.go:53: Request: GET /userList from [::1]:61683
[OTHER] 2025/04/16 16:36:59 logger.go:53: Response time: 2.7434ms for GET /userList
[OTHER] 2025/04/16 16:36:59 logger.go:53: Request: GET /static/avatar/user1_1744355751506502400.jpg from [::1]:61683
[OTHER] 2025/04/16 16:36:59 logger.go:53: Response time: 0s for GET /static/avatar/user1_1744355751506502400.jpg
[OTHER] 2025/04/16 16:36:59 logger.go:53: Request: GET /static/avatar/埃里克_1744591729177460600.jpg from [::1]:61683
[OTHER] 2025/04/16 16:36:59 logger.go:53: Response time: 0s for GET /static/avatar/埃里克_1744591729177460600.jpg
[OTHER] 2025/04/16 16:36:59 logger.go:53: Request: GET /static/avatar/淀粉_1744591803158434400.jpg from [::1]:61684
[OTHER] 2025/04/16 16:36:59 logger.go:53: Response time: 0s for GET /static/avatar/淀粉_1744591803158434400.jpg
[OTHER] 2025/04/16 16:36:59 logger.go:53: Request: GET /static/avatar/阿吉_1744633469306199800.jpg from [::1]:61684
[OTHER] 2025/04/16 16:36:59 logger.go:53: Response time: 0s for GET /static/avatar/阿吉_1744633469306199800.jpg
[OTHER] 2025/04/16 16:36:59 logger.go:53: Request: GET /static/avatar/吉米_1744633498480497200.jpg from [::1]:61684
[OTHER] 2025/04/16 16:36:59 logger.go:53: Response time: 0s for GET /static/avatar/吉米_1744633498480497200.jpg
[OTHER] 2025/04/16 16:36:59 logger.go:53: Request: GET /static/avatar/夏莉_1744633534623965800.jpg from [::1]:61684
[OTHER] 2025/04/16 16:36:59 logger.go:53: Response time: 0s for GET /static/avatar/夏莉_1744633534623965800.jpg
[OTHER] 2025/04/16 16:36:59 logger.go:53: Request: GET /static/avatar/用户468743_1744633580891795600.jpg from [::1]:61684
[OTHER] 2025/04/16 16:36:59 logger.go:53: Response time: 0s for GET /static/avatar/用户468743_1744633580891795600.jpg
[OTHER] 2025/04/16 16:37:01 logger.go:53: Request: GET /userList from [::1]:61684
[OTHER] 2025/04/16 16:37:01 logger.go:53: Response time: 2.9054ms for GET /userList
[OTHER] 2025/04/16 16:37:01 logger.go:53: Request: GET /static/avatar/userC_1744202854602881200.jpg from [::1]:61684
[OTHER] 2025/04/16 16:37:01 logger.go:53: Response time: 0s for GET /static/avatar/userC_1744202854602881200.jpg
[OTHER] 2025/04/16 16:37:01 logger.go:53: Request: GET /static/avatar/userD_1744204322899868000.jpg from [::1]:61683
[OTHER] 2025/04/16 16:37:01 logger.go:53: Response time: 0s for GET /static/avatar/userD_1744204322899868000.jpg
[OTHER] 2025/04/16 16:37:01 logger.go:53: Request: GET /static/avatar/userE_1744251811232579300.jpg from [::1]:61683
[OTHER] 2025/04/16 16:37:01 logger.go:53: Response time: 0s for GET /static/avatar/userE_1744251811232579300.jpg
[OTHER] 2025/04/16 16:37:01 logger.go:53: Request: GET /static/avatar/userF_1744252834612802500.jpg from [::1]:61684
[OTHER] 2025/04/16 16:37:01 logger.go:53: Response time: 0s for GET /static/avatar/userF_1744252834612802500.jpg
[OTHER] 2025/04/16 16:39:11 logger.go:53: Request: GET /userList from [::1]:61684
[OTHER] 2025/04/16 16:39:11 logger.go:53: Response time: 2.8869ms for GET /userList
[OTHER] 2025/04/16 16:39:11 logger.go:53: Request: GET /static/avatar/userC_1744202854602881200.jpg from [::1]:61684
[OTHER] 2025/04/16 16:39:11 logger.go:53: Response time: 505.5µs for GET /static/avatar/userC_1744202854602881200.jpg
[OTHER] 2025/04/16 16:39:11 logger.go:53: Request: GET /static/avatar/userD_1744204322899868000.jpg from [::1]:61684
[OTHER] 2025/04/16 16:39:11 logger.go:53: Response time: 0s for GET /static/avatar/userD_1744204322899868000.jpg
[OTHER] 2025/04/16 16:39:11 logger.go:53: Request: GET /static/avatar/userE_1744251811232579300.jpg from [::1]:61684
[OTHER] 2025/04/16 16:39:11 logger.go:53: Response time: 0s for GET /static/avatar/userE_1744251811232579300.jpg
[OTHER] 2025/04/16 16:39:11 logger.go:53: Request: GET /static/avatar/userF_1744252834612802500.jpg from [::1]:61684
[OTHER] 2025/04/16 16:39:11 logger.go:53: Response time: 0s for GET /static/avatar/userF_1744252834612802500.jpg
[OTHER] 2025/04/16 16:39:15 logger.go:53: Request: GET /userList from [::1]:61684
[OTHER] 2025/04/16 16:39:15 logger.go:53: Response time: 2.0317ms for GET /userList
[OTHER] 2025/04/16 16:39:15 logger.go:53: Request: GET /static/avatar/user1_1744355751506502400.jpg from [::1]:61684
[OTHER] 2025/04/16 16:39:15 logger.go:53: Response time: 0s for GET /static/avatar/user1_1744355751506502400.jpg
[OTHER] 2025/04/16 16:39:15 logger.go:53: Request: GET /static/avatar/埃里克_1744591729177460600.jpg from [::1]:61683
[OTHER] 2025/04/16 16:39:15 logger.go:53: Response time: 0s for GET /static/avatar/埃里克_1744591729177460600.jpg
[OTHER] 2025/04/16 16:39:16 logger.go:53: Request: GET /static/avatar/淀粉_1744591803158434400.jpg from [::1]:61683
[OTHER] 2025/04/16 16:39:16 logger.go:53: Response time: 0s for GET /static/avatar/淀粉_1744591803158434400.jpg
[OTHER] 2025/04/16 16:39:16 logger.go:53: Request: GET /static/avatar/阿吉_1744633469306199800.jpg from [::1]:61684
[OTHER] 2025/04/16 16:39:16 logger.go:53: Response time: 0s for GET /static/avatar/阿吉_1744633469306199800.jpg
[OTHER] 2025/04/16 16:39:16 logger.go:53: Request: GET /static/avatar/吉米_1744633498480497200.jpg from [::1]:61776
[OTHER] 2025/04/16 16:39:16 logger.go:53: Response time: 0s for GET /static/avatar/吉米_1744633498480497200.jpg
[OTHER] 2025/04/16 16:39:16 logger.go:53: Request: GET /static/avatar/夏莉_1744633534623965800.jpg from [::1]:61777
[OTHER] 2025/04/16 16:39:16 logger.go:53: Response time: 0s for GET /static/avatar/夏莉_1744633534623965800.jpg
[OTHER] 2025/04/16 16:39:16 logger.go:53: Request: GET /static/avatar/用户468743_1744633580891795600.jpg from [::1]:61778
[OTHER] 2025/04/16 16:39:16 logger.go:53: Response time: 0s for GET /static/avatar/用户468743_1744633580891795600.jpg
[OTHER] 2025/04/16 16:39:39 logger.go:53: Request: GET /userList from [::1]:61797
[OTHER] 2025/04/16 16:39:39 logger.go:53: Response time: 17.956ms for GET /userList
[OTHER] 2025/04/16 16:39:39 logger.go:53: Request: GET /static/avatar/user1_1744355751506502400.jpg from [::1]:61797
[OTHER] 2025/04/16 16:39:39 logger.go:53: Response time: 0s for GET /static/avatar/user1_1744355751506502400.jpg
[OTHER] 2025/04/16 16:39:39 logger.go:53: Request: GET /static/avatar/埃里克_1744591729177460600.jpg from [::1]:61798
[OTHER] 2025/04/16 16:39:39 logger.go:53: Response time: 0s for GET /static/avatar/埃里克_1744591729177460600.jpg
[OTHER] 2025/04/16 16:39:39 logger.go:53: Request: GET /static/avatar/淀粉_1744591803158434400.jpg from [::1]:61798
[OTHER] 2025/04/16 16:39:39 logger.go:53: Response time: 0s for GET /static/avatar/淀粉_1744591803158434400.jpg
[OTHER] 2025/04/16 16:39:39 logger.go:53: Request: GET /static/avatar/阿吉_1744633469306199800.jpg from [::1]:61797
[OTHER] 2025/04/16 16:39:39 logger.go:53: Response time: 0s for GET /static/avatar/阿吉_1744633469306199800.jpg
[OTHER] 2025/04/16 16:39:39 logger.go:53: Request: GET /static/avatar/吉米_1744633498480497200.jpg from [::1]:61800
[OTHER] 2025/04/16 16:39:39 logger.go:53: Response time: 0s for GET /static/avatar/吉米_1744633498480497200.jpg
[OTHER] 2025/04/16 16:39:39 logger.go:53: Request: GET /static/avatar/夏莉_1744633534623965800.jpg from [::1]:61801
[OTHER] 2025/04/16 16:39:39 logger.go:53: Response time: 0s for GET /static/avatar/夏莉_1744633534623965800.jpg
[OTHER] 2025/04/16 16:39:39 logger.go:53: Request: GET /static/avatar/用户468743_1744633580891795600.jpg from [::1]:61802
[OTHER] 2025/04/16 16:39:39 logger.go:53: Response time: 0s for GET /static/avatar/用户468743_1744633580891795600.jpg
[OTHER] 2025/04/16 16:39:50 logger.go:53: Request: GET /static/avatar/夏莉_1744633534623965800.jpg from [::1]:61802
[OTHER] 2025/04/16 16:39:50 logger.go:53: Response time: 0s for GET /static/avatar/夏莉_1744633534623965800.jpg
[OTHER] 2025/04/16 16:40:01 logger.go:53: Request: POST /api/users/update/44 from [::1]:61802
[OTHER] 2025/04/16 16:40:01 logger.go:53: Response time: 9.5614ms for POST /api/users/update/44
[OTHER] 2025/04/16 16:40:03 logger.go:53: Request: GET /userList from [::1]:61802
[OTHER] 2025/04/16 16:40:03 logger.go:53: Response time: 2.5951ms for GET /userList
[OTHER] 2025/04/16 16:40:03 logger.go:53: Request: GET /static/avatar/user1_1744355751506502400.jpg from [::1]:61802
[OTHER] 2025/04/16 16:40:03 logger.go:53: Response time: 0s for GET /static/avatar/user1_1744355751506502400.jpg
[OTHER] 2025/04/16 16:40:03 logger.go:53: Request: GET /static/avatar/埃里克_1744591729177460600.jpg from [::1]:61801
[OTHER] 2025/04/16 16:40:03 logger.go:53: Response time: 0s for GET /static/avatar/埃里克_1744591729177460600.jpg
[OTHER] 2025/04/16 16:40:03 logger.go:53: Request: GET /static/avatar/淀粉_1744591803158434400.jpg from [::1]:61801
[OTHER] 2025/04/16 16:40:03 logger.go:53: Request: GET /static/avatar/夏莉_1744792801883222300.jpg from [::1]:61802
[OTHER] 2025/04/16 16:40:03 logger.go:53: Response time: 0s for GET /static/avatar/淀粉_1744591803158434400.jpg
[OTHER] 2025/04/16 16:40:03 logger.go:53: Response time: 0s for GET /static/avatar/夏莉_1744792801883222300.jpg
[OTHER] 2025/04/16 16:40:03 logger.go:53: Request: GET /static/avatar/阿吉_1744633469306199800.jpg from [::1]:61800
[OTHER] 2025/04/16 16:40:03 logger.go:53: Response time: 0s for GET /static/avatar/阿吉_1744633469306199800.jpg
[OTHER] 2025/04/16 16:40:03 logger.go:53: Request: GET /static/avatar/吉米_1744633498480497200.jpg from [::1]:61797
[OTHER] 2025/04/16 16:40:03 logger.go:53: Response time: 0s for GET /static/avatar/吉米_1744633498480497200.jpg
[OTHER] 2025/04/16 16:40:03 logger.go:53: Request: GET /static/avatar/用户468743_1744633580891795600.jpg from [::1]:61798
[OTHER] 2025/04/16 16:40:03 logger.go:53: Response time: 0s for GET /static/avatar/用户468743_1744633580891795600.jpg
[OTHER] 2025/04/16 16:42:05 logger.go:53: Request: GET /userList from [::1]:61888
[OTHER] 2025/04/16 16:42:05 logger.go:53: Response time: 20.242ms for GET /userList
[OTHER] 2025/04/16 16:42:05 logger.go:53: Request: GET /static/avatar/user1_1744355751506502400.jpg from [::1]:61888
[OTHER] 2025/04/16 16:42:05 logger.go:53: Response time: 0s for GET /static/avatar/user1_1744355751506502400.jpg
[OTHER] 2025/04/16 16:42:05 logger.go:53: Request: GET /static/avatar/埃里克_1744591729177460600.jpg from [::1]:61888
[OTHER] 2025/04/16 16:42:05 logger.go:53: Response time: 0s for GET /static/avatar/埃里克_1744591729177460600.jpg
[OTHER] 2025/04/16 16:42:05 logger.go:53: Request: GET /static/avatar/淀粉_1744591803158434400.jpg from [::1]:61891
[OTHER] 2025/04/16 16:42:05 logger.go:53: Response time: 0s for GET /static/avatar/淀粉_1744591803158434400.jpg
[OTHER] 2025/04/16 16:42:05 logger.go:53: Request: GET /static/avatar/阿吉_1744633469306199800.jpg from [::1]:61891
[OTHER] 2025/04/16 16:42:05 logger.go:53: Response time: 0s for GET /static/avatar/阿吉_1744633469306199800.jpg
[OTHER] 2025/04/16 16:42:05 logger.go:53: Request: GET /static/avatar/吉米_1744633498480497200.jpg from [::1]:61891
[OTHER] 2025/04/16 16:42:05 logger.go:53: Response time: 0s for GET /static/avatar/吉米_1744633498480497200.jpg
[OTHER] 2025/04/16 16:42:05 logger.go:53: Request: GET /static/avatar/夏莉_1744792801883222300.jpg from [::1]:61891
[OTHER] 2025/04/16 16:42:05 logger.go:53: Response time: 0s for GET /static/avatar/夏莉_1744792801883222300.jpg
[OTHER] 2025/04/16 16:42:05 logger.go:53: Request: GET /static/avatar/用户468743_1744633580891795600.jpg from [::1]:61891
[OTHER] 2025/04/16 16:42:05 logger.go:53: Response time: 0s for GET /static/avatar/用户468743_1744633580891795600.jpg
[OTHER] 2025/04/16 16:42:09 logger.go:53: Request: GET /userList from [::1]:61891
[OTHER] 2025/04/16 16:42:09 logger.go:53: Response time: 2.0905ms for GET /userList
[OTHER] 2025/04/16 16:42:09 logger.go:53: Request: GET /static/avatar/userH_1744722853568190500.jpg from [::1]:61891
[OTHER] 2025/04/16 16:42:09 logger.go:53: Response time: 0s for GET /static/avatar/userH_1744722853568190500.jpg
[OTHER] 2025/04/16 16:42:09 logger.go:53: Request: GET /static/avatar/userH_1744722853568190500.jpg from [::1]:61891
[OTHER] 2025/04/16 16:42:09 logger.go:53: Response time: 0s for GET /static/avatar/userH_1744722853568190500.jpg
[OTHER] 2025/04/16 16:42:31 logger.go:53: Request: GET /index from [::1]:61891
[OTHER] 2025/04/16 16:42:31 logger.go:53: Response time: 3.7169ms for GET /index
[OTHER] 2025/04/16 16:43:02 logger.go:53: Request: GET /userList from [::1]:61891
[OTHER] 2025/04/16 16:43:02 logger.go:53: Response time: 2.127ms for GET /userList
[OTHER] 2025/04/16 16:43:02 logger.go:53: Request: GET /static/avatar/userC_1744202854602881200.jpg from [::1]:61891
[OTHER] 2025/04/16 16:43:02 logger.go:53: Response time: 0s for GET /static/avatar/userC_1744202854602881200.jpg
[OTHER] 2025/04/16 16:43:02 logger.go:53: Request: GET /static/avatar/userD_1744204322899868000.jpg from [::1]:61888
[OTHER] 2025/04/16 16:43:02 logger.go:53: Response time: 0s for GET /static/avatar/userD_1744204322899868000.jpg
[OTHER] 2025/04/16 16:43:02 logger.go:53: Request: GET /static/avatar/userE_1744251811232579300.jpg from [::1]:61888
[OTHER] 2025/04/16 16:43:02 logger.go:53: Response time: 0s for GET /static/avatar/userE_1744251811232579300.jpg
[OTHER] 2025/04/16 16:43:02 logger.go:53: Request: GET /static/avatar/userF_1744252834612802500.jpg from [::1]:61891
[OTHER] 2025/04/16 16:43:02 logger.go:53: Response time: 0s for GET /static/avatar/userF_1744252834612802500.jpg
[OTHER] 2025/04/16 16:43:25 logger.go:53: Request: GET /userList from [::1]:61987
[OTHER] 2025/04/16 16:43:25 logger.go:53: Response time: 18.3123ms for GET /userList
[OTHER] 2025/04/16 16:43:25 logger.go:53: Request: GET /static/avatar/userC_1744202854602881200.jpg from [::1]:61987
[OTHER] 2025/04/16 16:43:25 logger.go:53: Response time: 0s for GET /static/avatar/userC_1744202854602881200.jpg
[OTHER] 2025/04/16 16:43:25 logger.go:53: Request: GET /static/avatar/userD_1744204322899868000.jpg from [::1]:61987
[OTHER] 2025/04/16 16:43:25 logger.go:53: Response time: 0s for GET /static/avatar/userD_1744204322899868000.jpg
[OTHER] 2025/04/16 16:43:25 logger.go:53: Request: GET /static/avatar/userE_1744251811232579300.jpg from [::1]:61987
[OTHER] 2025/04/16 16:43:25 logger.go:53: Response time: 0s for GET /static/avatar/userE_1744251811232579300.jpg
[OTHER] 2025/04/16 16:43:25 logger.go:53: Request: GET /static/avatar/userF_1744252834612802500.jpg from [::1]:61987
[OTHER] 2025/04/16 16:43:25 logger.go:53: Response time: 0s for GET /static/avatar/userF_1744252834612802500.jpg
[OTHER] 2025/04/16 16:43:27 logger.go:53: Request: GET /index from [::1]:61987
[OTHER] 2025/04/16 16:43:27 logger.go:53: Response time: 3.4692ms for GET /index
[OTHER] 2025/04/16 16:43:27 logger.go:53: Request: GET /static/avatar/userH_1744722853568190500.jpg from [::1]:61987
[OTHER] 2025/04/16 16:43:27 logger.go:53: Response time: 0s for GET /static/avatar/userH_1744722853568190500.jpg
[OTHER] 2025/04/16 16:43:35 logger.go:53: Request: GET /index from [::1]:62000
[OTHER] 2025/04/16 16:43:35 logger.go:53: Response time: 19.0783ms for GET /index
[OTHER] 2025/04/16 16:43:35 logger.go:53: Request: GET /static/avatar/userH_1744722853568190500.jpg from [::1]:62000
[OTHER] 2025/04/16 16:43:35 logger.go:53: Response time: 0s for GET /static/avatar/userH_1744722853568190500.jpg
[OTHER] 2025/04/16 16:43:54 logger.go:53: Request: GET /index from [::1]:62012
[OTHER] 2025/04/16 16:43:54 logger.go:53: Response time: 18.8184ms for GET /index
[OTHER] 2025/04/16 16:44:04 logger.go:53: Request: GET /index from [::1]:62019
[OTHER] 2025/04/16 16:44:04 logger.go:53: Response time: 20.8624ms for GET /index
[OTHER] 2025/04/16 16:51:00 logger.go:53: Request: GET /userList from [::1]:62264
[OTHER] 2025/04/16 16:51:00 logger.go:53: Response time: 20.5278ms for GET /userList
[OTHER] 2025/04/16 16:51:00 logger.go:53: Request: GET /static/avatar/userC_1744202854602881200.jpg from [::1]:62264
[OTHER] 2025/04/16 16:51:00 logger.go:53: Response time: 0s for GET /static/avatar/userC_1744202854602881200.jpg
[OTHER] 2025/04/16 16:51:00 logger.go:53: Request: GET /static/avatar/userD_1744204322899868000.jpg from [::1]:62264
[OTHER] 2025/04/16 16:51:00 logger.go:53: Response time: 0s for GET /static/avatar/userD_1744204322899868000.jpg
[OTHER] 2025/04/16 16:51:00 logger.go:53: Request: GET /static/avatar/userE_1744251811232579300.jpg from [::1]:62264
[OTHER] 2025/04/16 16:51:00 logger.go:53: Response time: 0s for GET /static/avatar/userE_1744251811232579300.jpg
[OTHER] 2025/04/16 16:51:00 logger.go:53: Request: GET /static/avatar/userF_1744252834612802500.jpg from [::1]:62264
[OTHER] 2025/04/16 16:51:00 logger.go:53: Response time: 0s for GET /static/avatar/userF_1744252834612802500.jpg
[OTHER] 2025/04/16 16:51:04 logger.go:53: Request: GET /static/avatar/userC_1744202854602881200.jpg from [::1]:62264
[OTHER] 2025/04/16 16:51:04 logger.go:53: Response time: 0s for GET /static/avatar/userC_1744202854602881200.jpg
[OTHER] 2025/04/16 16:51:08 logger.go:53: Request: POST /api/users/update/18 from [::1]:62264
[OTHER] 2025/04/16 16:51:08 logger.go:53: Response time: 8.0255ms for POST /api/users/update/18
[OTHER] 2025/04/16 16:51:09 logger.go:53: Request: GET /userList from [::1]:62264
[OTHER] 2025/04/16 16:51:09 logger.go:53: Response time: 3.1131ms for GET /userList
[OTHER] 2025/04/16 16:51:09 logger.go:53: Request: GET /static/userC_1744793468621261700.jpg from [::1]:62264
[OTHER] 2025/04/16 16:51:09 logger.go:53: Response time: 0s for GET /static/userC_1744793468621261700.jpg
[OTHER] 2025/04/16 16:51:09 logger.go:53: Request: GET /static/avatar/userD_1744204322899868000.jpg from [::1]:62269
[OTHER] 2025/04/16 16:51:09 logger.go:53: Response time: 0s for GET /static/avatar/userD_1744204322899868000.jpg
[OTHER] 2025/04/16 16:51:09 logger.go:53: Request: GET /static/avatar/userE_1744251811232579300.jpg from [::1]:62269
[OTHER] 2025/04/16 16:51:09 logger.go:53: Response time: 0s for GET /static/avatar/userE_1744251811232579300.jpg
[OTHER] 2025/04/16 16:51:09 logger.go:53: Request: GET /static/avatar/userF_1744252834612802500.jpg from [::1]:62264
[OTHER] 2025/04/16 16:51:09 logger.go:53: Response time: 0s for GET /static/avatar/userF_1744252834612802500.jpg
[OTHER] 2025/04/16 16:51:15 logger.go:53: Request: GET /static/userC_1744793468621261700.jpg from [::1]:62264
[OTHER] 2025/04/16 16:51:15 logger.go:53: Response time: 0s for GET /static/userC_1744793468621261700.jpg
[OTHER] 2025/04/16 16:51:19 logger.go:53: Request: POST /api/users/update/18 from [::1]:62264
[OTHER] 2025/04/16 16:51:19 logger.go:53: Response time: 19.8192ms for POST /api/users/update/18
[OTHER] 2025/04/16 16:51:20 logger.go:53: Request: GET /userList from [::1]:62264
[OTHER] 2025/04/16 16:51:20 logger.go:53: Response time: 2.1299ms for GET /userList
[OTHER] 2025/04/16 16:51:20 logger.go:53: Request: GET /static/userC_1744793479443547800.jpg from [::1]:62264
[OTHER] 2025/04/16 16:51:20 logger.go:53: Response time: 0s for GET /static/userC_1744793479443547800.jpg
[OTHER] 2025/04/16 16:51:20 logger.go:53: Request: GET /static/avatar/userD_1744204322899868000.jpg from [::1]:62269
[OTHER] 2025/04/16 16:51:20 logger.go:53: Response time: 0s for GET /static/avatar/userD_1744204322899868000.jpg
[OTHER] 2025/04/16 16:51:20 logger.go:53: Request: GET /static/avatar/userE_1744251811232579300.jpg from [::1]:62269
[OTHER] 2025/04/16 16:51:20 logger.go:53: Request: GET /static/avatar/userF_1744252834612802500.jpg from [::1]:62264
[OTHER] 2025/04/16 16:51:20 logger.go:53: Response time: 508.2µs for GET /static/avatar/userF_1744252834612802500.jpg
[OTHER] 2025/04/16 16:51:20 logger.go:53: Response time: 508.2µs for GET /static/avatar/userE_1744251811232579300.jpg
[OTHER] 2025/04/16 16:51:42 logger.go:53: Request: GET /userList from [::1]:62269
[OTHER] 2025/04/16 16:51:42 logger.go:53: Response time: 3.0157ms for GET /userList
[OTHER] 2025/04/16 16:51:42 logger.go:53: Request: GET /static/userC_1744793479443547800.jpg from [::1]:62269
[OTHER] 2025/04/16 16:51:42 logger.go:53: Response time: 0s for GET /static/userC_1744793479443547800.jpg
[OTHER] 2025/04/16 16:51:42 logger.go:53: Request: GET /static/avatar/userD_1744204322899868000.jpg from [::1]:62264
[OTHER] 2025/04/16 16:51:42 logger.go:53: Response time: 0s for GET /static/avatar/userD_1744204322899868000.jpg
[OTHER] 2025/04/16 16:51:42 logger.go:53: Request: GET /static/avatar/userE_1744251811232579300.jpg from [::1]:62264
[OTHER] 2025/04/16 16:51:42 logger.go:53: Request: GET /static/avatar/userF_1744252834612802500.jpg from [::1]:62269
[OTHER] 2025/04/16 16:51:42 logger.go:53: Response time: 0s for GET /static/avatar/userE_1744251811232579300.jpg
[OTHER] 2025/04/16 16:51:42 logger.go:53: Response time: 0s for GET /static/avatar/userF_1744252834612802500.jpg
[OTHER] 2025/04/16 16:51:48 logger.go:53: Request: GET /userList from [::1]:62317
[OTHER] 2025/04/16 16:51:48 logger.go:53: Response time: 18.1376ms for GET /userList
[OTHER] 2025/04/16 16:51:48 logger.go:53: Request: GET /static/userC_1744793479443547800.jpg from [::1]:62317
[OTHER] 2025/04/16 16:51:48 logger.go:53: Response time: 0s for GET /static/userC_1744793479443547800.jpg
[OTHER] 2025/04/16 16:51:48 logger.go:53: Request: GET /static/avatar/userD_1744204322899868000.jpg from [::1]:62318
[OTHER] 2025/04/16 16:51:48 logger.go:53: Response time: 0s for GET /static/avatar/userD_1744204322899868000.jpg
[OTHER] 2025/04/16 16:51:48 logger.go:53: Request: GET /static/avatar/userE_1744251811232579300.jpg from [::1]:62318
[OTHER] 2025/04/16 16:51:48 logger.go:53: Response time: 0s for GET /static/avatar/userE_1744251811232579300.jpg
[OTHER] 2025/04/16 16:51:48 logger.go:53: Request: GET /static/avatar/userF_1744252834612802500.jpg from [::1]:62317
[OTHER] 2025/04/16 16:51:48 logger.go:53: Response time: 0s for GET /static/avatar/userF_1744252834612802500.jpg
[OTHER] 2025/04/16 16:51:49 logger.go:53: Request: GET /userList from [::1]:62317
[OTHER] 2025/04/16 16:51:49 logger.go:53: Response time: 2.1112ms for GET /userList
[OTHER] 2025/04/16 16:51:49 logger.go:53: Request: GET /static/userC_1744793479443547800.jpg from [::1]:62317
[OTHER] 2025/04/16 16:51:49 logger.go:53: Response time: 0s for GET /static/userC_1744793479443547800.jpg
[OTHER] 2025/04/16 16:51:49 logger.go:53: Request: GET /static/avatar/userD_1744204322899868000.jpg from [::1]:62318
[OTHER] 2025/04/16 16:51:49 logger.go:53: Response time: 0s for GET /static/avatar/userD_1744204322899868000.jpg
[OTHER] 2025/04/16 16:51:49 logger.go:53: Request: GET /static/avatar/userE_1744251811232579300.jpg from [::1]:62318
[OTHER] 2025/04/16 16:51:49 logger.go:53: Request: GET /static/avatar/userF_1744252834612802500.jpg from [::1]:62317
[OTHER] 2025/04/16 16:51:49 logger.go:53: Response time: 0s for GET /static/avatar/userE_1744251811232579300.jpg
[OTHER] 2025/04/16 16:51:49 logger.go:53: Response time: 0s for GET /static/avatar/userF_1744252834612802500.jpg
[OTHER] 2025/04/16 16:52:23 logger.go:53: Request: POST /api/users/create from [::1]:62317
[OTHER] 2025/04/16 16:52:23 logger.go:53: Response time: 59.919ms for POST /api/users/create
[OTHER] 2025/04/16 16:52:24 logger.go:53: Request: GET /userList from [::1]:62317
[OTHER] 2025/04/16 16:52:24 logger.go:53: Response time: 2.6153ms for GET /userList
[OTHER] 2025/04/16 16:52:24 logger.go:53: Request: GET /static/userC_1744793479443547800.jpg from [::1]:62317
[OTHER] 2025/04/16 16:52:24 logger.go:53: Response time: 0s for GET /static/userC_1744793479443547800.jpg
[OTHER] 2025/04/16 16:52:24 logger.go:53: Request: GET /static/avatar/userD_1744204322899868000.jpg from [::1]:62317
[OTHER] 2025/04/16 16:52:24 logger.go:53: Response time: 0s for GET /static/avatar/userD_1744204322899868000.jpg
[OTHER] 2025/04/16 16:52:24 logger.go:53: Request: GET /static/avatar/userE_1744251811232579300.jpg from [::1]:62317
[OTHER] 2025/04/16 16:52:24 logger.go:53: Response time: 0s for GET /static/avatar/userE_1744251811232579300.jpg
[OTHER] 2025/04/16 16:52:24 logger.go:53: Request: GET /static/avatar/userF_1744252834612802500.jpg from [::1]:62317
[OTHER] 2025/04/16 16:52:24 logger.go:53: Response time: 0s for GET /static/avatar/userF_1744252834612802500.jpg
[OTHER] 2025/04/16 16:52:26 logger.go:53: Request: GET /userList from [::1]:62317
[OTHER] 2025/04/16 16:52:26 logger.go:53: Response time: 2.7154ms for GET /userList
[OTHER] 2025/04/16 16:52:26 logger.go:53: Request: GET /static/avatar/userH_1744722853568190500.jpg from [::1]:62317
[OTHER] 2025/04/16 16:52:26 logger.go:53: Response time: 0s for GET /static/avatar/userH_1744722853568190500.jpg
[OTHER] 2025/04/16 16:52:26 logger.go:53: Request: GET /static/集集堡_1744793543580285700.jpg from [::1]:62318
[OTHER] 2025/04/16 16:52:26 logger.go:53: Response time: 0s for GET /static/集集堡_1744793543580285700.jpg
[OTHER] 2025/04/16 16:52:26 logger.go:53: Request: GET /static/avatar/userH_1744722853568190500.jpg from [::1]:62318
[OTHER] 2025/04/16 16:52:26 logger.go:53: Response time: 0s for GET /static/avatar/userH_1744722853568190500.jpg
[OTHER] 2025/04/16 16:52:54 logger.go:53: Request: GET /userList from [::1]:62318
[OTHER] 2025/04/16 16:52:54 logger.go:53: Response time: 2.1742ms for GET /userList
[OTHER] 2025/04/16 16:52:54 logger.go:53: Request: GET /static/userC_1744793479443547800.jpg from [::1]:62318
[OTHER] 2025/04/16 16:52:54 logger.go:53: Response time: 0s for GET /static/userC_1744793479443547800.jpg
[OTHER] 2025/04/16 16:52:54 logger.go:53: Request: GET /static/avatar/userD_1744204322899868000.jpg from [::1]:62317
[OTHER] 2025/04/16 16:52:54 logger.go:53: Response time: 0s for GET /static/avatar/userD_1744204322899868000.jpg
[OTHER] 2025/04/16 16:52:54 logger.go:53: Request: GET /static/avatar/userE_1744251811232579300.jpg from [::1]:62317
[OTHER] 2025/04/16 16:52:54 logger.go:53: Response time: 506.2µs for GET /static/avatar/userE_1744251811232579300.jpg
[OTHER] 2025/04/16 16:52:54 logger.go:53: Request: GET /static/avatar/userF_1744252834612802500.jpg from [::1]:62318
[OTHER] 2025/04/16 16:52:54 logger.go:53: Response time: 0s for GET /static/avatar/userF_1744252834612802500.jpg
[OTHER] 2025/04/16 16:54:30 logger.go:53: Request: GET /userList from [::1]:62443
[OTHER] 2025/04/16 16:54:30 logger.go:53: Response time: 19.6405ms for GET /userList
[OTHER] 2025/04/16 16:54:30 logger.go:53: Request: GET /static/userC_1744793479443547800.jpg from [::1]:62443
[OTHER] 2025/04/16 16:54:30 logger.go:53: Response time: 0s for GET /static/userC_1744793479443547800.jpg
[OTHER] 2025/04/16 16:54:30 logger.go:53: Request: GET /static/avatar/userD_1744204322899868000.jpg from [::1]:62443
[OTHER] 2025/04/16 16:54:30 logger.go:53: Response time: 0s for GET /static/avatar/userD_1744204322899868000.jpg
[OTHER] 2025/04/16 16:54:30 logger.go:53: Request: GET /static/avatar/userE_1744251811232579300.jpg from [::1]:62443
[OTHER] 2025/04/16 16:54:30 logger.go:53: Response time: 0s for GET /static/avatar/userE_1744251811232579300.jpg
[OTHER] 2025/04/16 16:54:30 logger.go:53: Request: GET /static/avatar/userF_1744252834612802500.jpg from [::1]:62443
[OTHER] 2025/04/16 16:54:30 logger.go:53: Response time: 0s for GET /static/avatar/userF_1744252834612802500.jpg
[OTHER] 2025/04/16 16:54:53 logger.go:53: Request: GET /userList from [::1]:62443
[OTHER] 2025/04/16 16:54:53 logger.go:53: Response time: 2.2294ms for GET /userList
[OTHER] 2025/04/16 16:54:53 logger.go:53: Request: GET /static/avatar/user1_1744355751506502400.jpg from [::1]:62443
[OTHER] 2025/04/16 16:54:53 logger.go:53: Response time: 0s for GET /static/avatar/user1_1744355751506502400.jpg
[OTHER] 2025/04/16 16:54:53 logger.go:53: Request: GET /static/avatar/埃里克_1744591729177460600.jpg from [::1]:62444
[OTHER] 2025/04/16 16:54:53 logger.go:53: Response time: 0s for GET /static/avatar/埃里克_1744591729177460600.jpg
[OTHER] 2025/04/16 16:54:53 logger.go:53: Request: GET /static/avatar/淀粉_1744591803158434400.jpg from [::1]:62444
[OTHER] 2025/04/16 16:54:53 logger.go:53: Response time: 0s for GET /static/avatar/淀粉_1744591803158434400.jpg
[OTHER] 2025/04/16 16:54:53 logger.go:53: Request: GET /static/avatar/阿吉_1744633469306199800.jpg from [::1]:62443
[OTHER] 2025/04/16 16:54:53 logger.go:53: Response time: 0s for GET /static/avatar/阿吉_1744633469306199800.jpg
[OTHER] 2025/04/16 16:54:53 logger.go:53: Request: GET /static/avatar/吉米_1744633498480497200.jpg from [::1]:62461
[OTHER] 2025/04/16 16:54:53 logger.go:53: Request: GET /static/avatar/夏莉_1744792801883222300.jpg from [::1]:62462
[OTHER] 2025/04/16 16:54:53 logger.go:53: Response time: 0s for GET /static/avatar/吉米_1744633498480497200.jpg
[OTHER] 2025/04/16 16:54:53 logger.go:53: Response time: 0s for GET /static/avatar/夏莉_1744792801883222300.jpg
[OTHER] 2025/04/16 16:54:53 logger.go:53: Request: GET /static/avatar/用户468743_1744633580891795600.jpg from [::1]:62463
[OTHER] 2025/04/16 16:54:53 logger.go:53: Response time: 0s for GET /static/avatar/用户468743_1744633580891795600.jpg
[OTHER] 2025/04/16 16:54:55 logger.go:53: Request: GET /userList from [::1]:62463
[OTHER] 2025/04/16 16:54:55 logger.go:53: Response time: 2.9516ms for GET /userList
[OTHER] 2025/04/16 16:54:55 logger.go:53: Request: GET /static/userC_1744793479443547800.jpg from [::1]:62463
[OTHER] 2025/04/16 16:54:55 logger.go:53: Response time: 0s for GET /static/userC_1744793479443547800.jpg
[OTHER] 2025/04/16 16:54:55 logger.go:53: Request: GET /static/avatar/userD_1744204322899868000.jpg from [::1]:62462
[OTHER] 2025/04/16 16:54:55 logger.go:53: Response time: 0s for GET /static/avatar/userD_1744204322899868000.jpg
[OTHER] 2025/04/16 16:54:55 logger.go:53: Request: GET /static/avatar/userE_1744251811232579300.jpg from [::1]:62462
[OTHER] 2025/04/16 16:54:55 logger.go:53: Response time: 0s for GET /static/avatar/userE_1744251811232579300.jpg
[OTHER] 2025/04/16 16:54:55 logger.go:53: Request: GET /static/avatar/userF_1744252834612802500.jpg from [::1]:62463
[OTHER] 2025/04/16 16:54:55 logger.go:53: Response time: 0s for GET /static/avatar/userF_1744252834612802500.jpg
[OTHER] 2025/04/16 16:55:18 logger.go:53: Request: GET /static/avatar/userD_1744204322899868000.jpg from [::1]:62463
[OTHER] 2025/04/16 16:55:18 logger.go:53: Response time: 0s for GET /static/avatar/userD_1744204322899868000.jpg
[OTHER] 2025/04/16 16:55:39 logger.go:53: Request: GET /userList from [::1]:62463
[OTHER] 2025/04/16 16:55:39 logger.go:53: Response time: 2.0502ms for GET /userList
[OTHER] 2025/04/16 16:55:39 logger.go:53: Request: GET /static/userC_1744793479443547800.jpg from [::1]:62463
[OTHER] 2025/04/16 16:55:39 logger.go:53: Response time: 0s for GET /static/userC_1744793479443547800.jpg
[OTHER] 2025/04/16 16:55:39 logger.go:53: Request: GET /static/avatar/userD_1744204322899868000.jpg from [::1]:62463
[OTHER] 2025/04/16 16:55:39 logger.go:53: Response time: 0s for GET /static/avatar/userD_1744204322899868000.jpg
[OTHER] 2025/04/16 16:55:39 logger.go:53: Request: GET /static/avatar/userE_1744251811232579300.jpg from [::1]:62463
[OTHER] 2025/04/16 16:55:39 logger.go:53: Response time: 0s for GET /static/avatar/userE_1744251811232579300.jpg
[OTHER] 2025/04/16 16:55:39 logger.go:53: Request: GET /static/avatar/userF_1744252834612802500.jpg from [::1]:62463
[OTHER] 2025/04/16 16:55:39 logger.go:53: Response time: 0s for GET /static/avatar/userF_1744252834612802500.jpg
[OTHER] 2025/04/16 16:59:06 logger.go:53: Request: GET /static/userC_1744793479443547800.jpg from [::1]:62463
[OTHER] 2025/04/16 16:59:06 logger.go:53: Response time: 0s for GET /static/userC_1744793479443547800.jpg
[OTHER] 2025/04/16 17:01:13 logger.go:53: Request: GET /userList from [::1]:62818
[OTHER] 2025/04/16 17:01:13 logger.go:53: Response time: 20.9066ms for GET /userList
[OTHER] 2025/04/16 17:01:13 logger.go:53: Request: GET /static/2.jpg from [::1]:62818
[OTHER] 2025/04/16 17:01:13 logger.go:53: Response time: 0s for GET /static/2.jpg
[OTHER] 2025/04/16 17:01:14 logger.go:53: Request: GET /static/2.jpg from [::1]:62818
[OTHER] 2025/04/16 17:01:14 logger.go:53: Response time: 0s for GET /static/2.jpg
[OTHER] 2025/04/16 17:01:23 logger.go:53: Request: GET /userList from [::1]:62818
[OTHER] 2025/04/16 17:01:23 logger.go:53: Response time: 2.795ms for GET /userList
[OTHER] 2025/04/16 17:01:23 logger.go:53: Request: GET /static/2.jpg from [::1]:62818
[OTHER] 2025/04/16 17:01:23 logger.go:53: Response time: 0s for GET /static/2.jpg
[OTHER] 2025/04/16 17:01:23 logger.go:53: Request: GET /static/2.jpg from [::1]:62818
[OTHER] 2025/04/16 17:01:23 logger.go:53: Response time: 0s for GET /static/2.jpg
[OTHER] 2025/04/16 17:02:45 logger.go:53: Request: GET /userList from [::1]:62923
[OTHER] 2025/04/16 17:02:45 logger.go:53: Response time: 18.9668ms for GET /userList
[OTHER] 2025/04/16 17:02:45 logger.go:53: Request: GET /static/2.jpg from [::1]:62923
[OTHER] 2025/04/16 17:02:45 logger.go:53: Response time: 0s for GET /static/2.jpg
[OTHER] 2025/04/16 17:02:46 logger.go:53: Request: GET /static/2.jpg from [::1]:62923
[OTHER] 2025/04/16 17:02:46 logger.go:53: Response time: 0s for GET /static/2.jpg
[OTHER] 2025/04/16 17:02:49 logger.go:53: Request: GET /userList from [::1]:62923
[OTHER] 2025/04/16 17:02:49 logger.go:53: Response time: 2.0494ms for GET /userList
[OTHER] 2025/04/16 17:02:49 logger.go:53: Request: GET /static/2.jpg from [::1]:62923
[OTHER] 2025/04/16 17:02:49 logger.go:53: Response time: 0s for GET /static/2.jpg
[OTHER] 2025/04/16 17:02:49 logger.go:53: Request: GET /static/2.jpg from [::1]:62923
[OTHER] 2025/04/16 17:02:49 logger.go:53: Response time: 0s for GET /static/2.jpg
[OTHER] 2025/04/16 17:03:16 logger.go:53: Request: GET /login from [::1]:62987
[OTHER] 2025/04/16 17:03:16 logger.go:53: Response time: 24.1599ms for GET /login
[OTHER] 2025/04/16 17:03:24 logger.go:53: Request: GET /userList from [::1]:62987
[OTHER] 2025/04/16 17:03:24 logger.go:53: Response time: 4.811ms for GET /userList
[OTHER] 2025/04/16 17:03:24 logger.go:53: Request: GET /static/2.jpg from [::1]:62987
[OTHER] 2025/04/16 17:03:24 logger.go:53: Response time: 0s for GET /static/2.jpg
[OTHER] 2025/04/16 17:03:24 logger.go:53: Request: GET /static/2.jpg from [::1]:62987
[OTHER] 2025/04/16 17:03:24 logger.go:53: Response time: 0s for GET /static/2.jpg
[OTHER] 2025/04/16 17:05:13 logger.go:53: Request: GET /userList from [::1]:62987
[OTHER] 2025/04/16 17:05:13 logger.go:53: Response time: 2.7215ms for GET /userList
[OTHER] 2025/04/16 17:05:14 logger.go:53: Request: GET /static/2.jpg from [::1]:62987
[OTHER] 2025/04/16 17:05:14 logger.go:53: Response time: 0s for GET /static/2.jpg
[OTHER] 2025/04/16 17:05:14 logger.go:53: Request: GET /static/2.jpg from [::1]:62987
[OTHER] 2025/04/16 17:05:14 logger.go:53: Response time: 0s for GET /static/2.jpg
[OTHER] 2025/04/16 17:05:18 logger.go:53: Request: GET /userList from [::1]:63128
[OTHER] 2025/04/16 17:05:18 logger.go:53: Response time: 19.0006ms for GET /userList
[OTHER] 2025/04/16 17:05:18 logger.go:53: Request: GET /static/2.jpg from [::1]:63128
[OTHER] 2025/04/16 17:05:18 logger.go:53: Response time: 0s for GET /static/2.jpg
[OTHER] 2025/04/16 17:05:18 logger.go:53: Request: GET /static/2.jpg from [::1]:63128
[OTHER] 2025/04/16 17:05:18 logger.go:53: Response time: 0s for GET /static/2.jpg
[OTHER] 2025/04/16 17:05:32 logger.go:53: Request: GET /userList from [::1]:63153
[OTHER] 2025/04/16 17:05:32 logger.go:53: Response time: 18.9737ms for GET /userList
[OTHER] 2025/04/16 17:05:32 logger.go:53: Request: GET /static/2.jpg from [::1]:63153
[OTHER] 2025/04/16 17:05:32 logger.go:53: Response time: 0s for GET /static/2.jpg
[OTHER] 2025/04/16 17:05:32 logger.go:53: Request: GET /static/2.jpg from [::1]:63153
[OTHER] 2025/04/16 17:05:32 logger.go:53: Response time: 0s for GET /static/2.jpg
[OTHER] 2025/04/16 17:05:57 logger.go:53: Request: GET /userList from [::1]:63182
[OTHER] 2025/04/16 17:05:57 logger.go:53: Response time: 17.6689ms for GET /userList
[OTHER] 2025/04/16 17:06:52 logger.go:53: Request: GET /userList from [::1]:63239
[OTHER] 2025/04/16 17:06:52 logger.go:53: Response time: 21.9717ms for GET /userList
[OTHER] 2025/04/16 17:06:52 logger.go:53: Request: GET /static/2.jpg from [::1]:63239
[OTHER] 2025/04/16 17:06:52 logger.go:53: Response time: 0s for GET /static/2.jpg
[OTHER] 2025/04/16 17:06:52 logger.go:53: Request: GET /static/2.jpg from [::1]:63239
[OTHER] 2025/04/16 17:06:52 logger.go:53: Response time: 0s for GET /static/2.jpg
[OTHER] 2025/04/16 17:08:33 logger.go:53: Request: GET /userList from [::1]:63353
[OTHER] 2025/04/16 17:08:33 logger.go:53: Response time: 19.0017ms for GET /userList
[OTHER] 2025/04/16 17:08:33 logger.go:53: Request: GET /static/3.jpg from [::1]:63353
[OTHER] 2025/04/16 17:08:33 logger.go:53: Response time: 0s for GET /static/3.jpg
[OTHER] 2025/04/16 17:08:34 logger.go:53: Request: GET /static/3.jpg from [::1]:63353
[OTHER] 2025/04/16 17:08:34 logger.go:53: Response time: 0s for GET /static/3.jpg
[OTHER] 2025/04/16 17:08:41 logger.go:53: Request: GET /userList from [::1]:63353
[OTHER] 2025/04/16 17:08:41 logger.go:53: Response time: 2.3364ms for GET /userList
[OTHER] 2025/04/16 17:08:41 logger.go:53: Request: GET /static/3.jpg from [::1]:63353
[OTHER] 2025/04/16 17:08:41 logger.go:53: Response time: 0s for GET /static/3.jpg
[OTHER] 2025/04/16 17:08:41 logger.go:53: Request: GET /static/3.jpg from [::1]:63353
[OTHER] 2025/04/16 17:08:41 logger.go:53: Response time: 0s for GET /static/3.jpg
[OTHER] 2025/04/16 17:09:53 logger.go:53: Request: GET /userList from [::1]:63572
[OTHER] 2025/04/16 17:09:53 logger.go:53: Response time: 17.6813ms for GET /userList
[OTHER] 2025/04/16 17:09:53 logger.go:53: Request: GET /static/3.jpg from [::1]:63572
[OTHER] 2025/04/16 17:09:53 logger.go:53: Response time: 0s for GET /static/3.jpg
[OTHER] 2025/04/16 17:11:43 logger.go:53: Request: GET /userList from [::1]:63693
[OTHER] 2025/04/16 17:11:43 logger.go:53: Response time: 21.1971ms for GET /userList
[OTHER] 2025/04/16 17:11:43 logger.go:53: Request: GET /static/3.jpg from [::1]:63693
[OTHER] 2025/04/16 17:11:43 logger.go:53: Response time: 0s for GET /static/3.jpg
[OTHER] 2025/04/16 17:11:44 logger.go:53: Request: GET /static/3.jpg from [::1]:63693
[OTHER] 2025/04/16 17:11:44 logger.go:53: Response time: 0s for GET /static/3.jpg
[OTHER] 2025/04/16 17:12:41 logger.go:53: Request: GET /userList from [::1]:63693
[OTHER] 2025/04/16 17:12:41 logger.go:53: Response time: 2.005ms for GET /userList
[OTHER] 2025/04/16 17:12:41 logger.go:53: Request: GET /static/3.jpg from [::1]:63693
[OTHER] 2025/04/16 17:12:41 logger.go:53: Response time: 0s for GET /static/3.jpg
[OTHER] 2025/04/16 17:12:42 logger.go:53: Request: GET /static/3.jpg from [::1]:63693
[OTHER] 2025/04/16 17:12:42 logger.go:53: Response time: 0s for GET /static/3.jpg
[OTHER] 2025/04/16 17:12:43 logger.go:53: Request: GET /userList from [::1]:63693
[OTHER] 2025/04/16 17:12:43 logger.go:53: Response time: 2.1408ms for GET /userList
[OTHER] 2025/04/16 17:12:43 logger.go:53: Request: GET /static/3.jpg from [::1]:63693
[OTHER] 2025/04/16 17:12:43 logger.go:53: Response time: 0s for GET /static/3.jpg
[OTHER] 2025/04/16 17:12:43 logger.go:53: Request: GET /static/3.jpg from [::1]:63693
[OTHER] 2025/04/16 17:12:43 logger.go:53: Response time: 0s for GET /static/3.jpg
[OTHER] 2025/04/16 17:12:45 logger.go:53: Request: GET /favicon.ico from [::1]:63693
[OTHER] 2025/04/16 17:12:45 logger.go:53: Response time: 0s for GET /favicon.ico
[OTHER] 2025/04/16 17:12:46 logger.go:53: Request: GET /userList from [::1]:63693
[OTHER] 2025/04/16 17:12:46 logger.go:53: Response time: 2.3156ms for GET /userList
[OTHER] 2025/04/16 17:12:46 logger.go:53: Request: GET /static/3.jpg from [::1]:63693
[OTHER] 2025/04/16 17:12:46 logger.go:53: Response time: 0s for GET /static/3.jpg
[OTHER] 2025/04/16 17:12:46 logger.go:53: Request: GET /static/3.jpg from [::1]:63693
[OTHER] 2025/04/16 17:12:46 logger.go:53: Response time: 0s for GET /static/3.jpg
[OTHER] 2025/04/16 17:14:03 logger.go:53: Request: GET /userList from [::1]:63894
[OTHER] 2025/04/16 17:14:03 logger.go:53: Response time: 21.3673ms for GET /userList
[OTHER] 2025/04/16 17:14:03 logger.go:53: Request: GET /static/3.jpg from [::1]:63894
[OTHER] 2025/04/16 17:14:03 logger.go:53: Response time: 0s for GET /static/3.jpg
[OTHER] 2025/04/16 17:14:04 logger.go:53: Request: GET /static/3.jpg from [::1]:63894
[OTHER] 2025/04/16 17:14:04 logger.go:53: Response time: 0s for GET /static/3.jpg
[OTHER] 2025/04/16 17:14:54 logger.go:53: Request: GET /userList from [::1]:64071
[OTHER] 2025/04/16 17:14:54 logger.go:53: Response time: 3.7625ms for GET /userList
[OTHER] 2025/04/16 17:14:54 logger.go:53: Request: GET /static/3.jpg from [::1]:64071
[OTHER] 2025/04/16 17:14:54 logger.go:53: Response time: 0s for GET /static/3.jpg
[OTHER] 2025/04/16 17:14:59 logger.go:53: Request: GET /static/3.jpg from [::1]:64071
[OTHER] 2025/04/16 17:14:59 logger.go:53: Response time: 0s for GET /static/3.jpg
[OTHER] 2025/04/16 17:15:02 logger.go:53: Request: GET /favicon.ico from [::1]:64071
[OTHER] 2025/04/16 17:15:02 logger.go:53: Response time: 0s for GET /favicon.ico
[OTHER] 2025/04/16 17:15:03 logger.go:53: Request: GET /userList from [::1]:64071
[OTHER] 2025/04/16 17:15:03 logger.go:53: Response time: 2.1755ms for GET /userList
[OTHER] 2025/04/16 17:15:03 logger.go:53: Request: GET /static/3.jpg from [::1]:64071
[OTHER] 2025/04/16 17:15:03 logger.go:53: Response time: 0s for GET /static/3.jpg
[OTHER] 2025/04/16 17:15:03 logger.go:53: Request: GET /static/3.jpg from [::1]:64071
[OTHER] 2025/04/16 17:15:03 logger.go:53: Response time: 1.0005ms for GET /static/3.jpg
[OTHER] 2025/04/16 17:15:05 logger.go:53: Request: GET /userList from [::1]:64071
[OTHER] 2025/04/16 17:15:05 logger.go:53: Response time: 2.2037ms for GET /userList
[OTHER] 2025/04/16 17:15:05 logger.go:53: Request: GET /static/3.jpg from [::1]:64071
[OTHER] 2025/04/16 17:15:05 logger.go:53: Response time: 0s for GET /static/3.jpg
[OTHER] 2025/04/16 17:15:05 logger.go:53: Request: GET /static/3.jpg from [::1]:64071
[OTHER] 2025/04/16 17:15:05 logger.go:53: Response time: 0s for GET /static/3.jpg
[OTHER] 2025/04/16 17:19:15 logger.go:53: Request: GET /userList from [::1]:64541
[OTHER] 2025/04/16 17:19:15 logger.go:53: Response time: 17.5356ms for GET /userList
[OTHER] 2025/04/16 17:19:15 logger.go:53: Request: GET /static/3.jpg from [::1]:64541
[OTHER] 2025/04/16 17:19:15 logger.go:53: Response time: 0s for GET /static/3.jpg
[OTHER] 2025/04/16 17:19:16 logger.go:53: Request: GET /static/3.jpg from [::1]:64541
[OTHER] 2025/04/16 17:19:16 logger.go:53: Response time: 0s for GET /static/3.jpg
[OTHER] 2025/04/16 17:19:32 logger.go:53: Request: GET /userList from [::1]:64578
[OTHER] 2025/04/16 17:19:32 logger.go:53: Response time: 16.6623ms for GET /userList
[OTHER] 2025/04/16 17:19:32 logger.go:53: Request: GET /static/3.jpg from [::1]:64578
[OTHER] 2025/04/16 17:19:32 logger.go:53: Response time: 0s for GET /static/3.jpg
[OTHER] 2025/04/16 17:19:32 logger.go:53: Request: GET /static/3.jpg from [::1]:64578
[OTHER] 2025/04/16 17:19:32 logger.go:53: Response time: 0s for GET /static/3.jpg
[OTHER] 2025/04/16 17:21:02 logger.go:53: Request: GET /userList from 127.0.0.1:64730
[OTHER] 2025/04/16 17:21:02 logger.go:53: Response time: 17.5527ms for GET /userList
[OTHER] 2025/04/16 17:21:24 logger.go:53: Request: GET /userList from [::1]:64782
[OTHER] 2025/04/16 17:21:24 logger.go:53: Response time: 18.9979ms for GET /userList
[OTHER] 2025/04/16 17:21:34 logger.go:53: Request: GET /static/2.jpg from [::1]:64782
[OTHER] 2025/04/16 17:21:34 logger.go:53: Response time: 0s for GET /static/2.jpg
[OTHER] 2025/04/16 17:21:59 logger.go:53: Request: GET /static/2.jpg from [::1]:64782
[OTHER] 2025/04/16 17:21:59 logger.go:53: Response time: 0s for GET /static/2.jpg
[OTHER] 2025/04/16 17:24:37 logger.go:53: Request: GET /userList from [::1]:65127
[OTHER] 2025/04/16 17:24:37 logger.go:53: Response time: 18.3935ms for GET /userList
[OTHER] 2025/04/16 17:24:37 logger.go:53: Request: GET /static/hhh.png from [::1]:65127
[OTHER] 2025/04/16 17:24:37 logger.go:53: Response time: 0s for GET /static/hhh.png
[OTHER] 2025/04/16 17:25:22 logger.go:53: Request: GET /userList from [::1]:65200
[OTHER] 2025/04/16 17:25:22 logger.go:53: Response time: 18.0853ms for GET /userList
[OTHER] 2025/04/16 17:25:23 logger.go:53: Request: GET /static/hhh.png from [::1]:65200
[OTHER] 2025/04/16 17:25:23 logger.go:53: Response time: 0s for GET /static/hhh.png
[OTHER] 2025/04/16 17:25:23 logger.go:53: Request: GET /static/hhh.png from [::1]:65200
[OTHER] 2025/04/16 17:25:23 logger.go:53: Response time: 0s for GET /static/hhh.png
[OTHER] 2025/04/16 17:25:33 logger.go:53: Request: GET /userList from [::1]:65200
[OTHER] 2025/04/16 17:25:33 logger.go:53: Response time: 2.2487ms for GET /userList
[OTHER] 2025/04/16 17:25:33 logger.go:53: Request: GET /static/hhh.png from [::1]:65200
[OTHER] 2025/04/16 17:25:33 logger.go:53: Response time: 0s for GET /static/hhh.png
[OTHER] 2025/04/16 17:25:33 logger.go:53: Request: GET /static/hhh.png from [::1]:65200
[OTHER] 2025/04/16 17:25:33 logger.go:53: Response time: 0s for GET /static/hhh.png
[OTHER] 2025/04/16 17:25:54 logger.go:53: Request: GET /userList from [::1]:65262
[OTHER] 2025/04/16 17:25:54 logger.go:53: Response time: 19.0329ms for GET /userList
[OTHER] 2025/04/16 17:25:54 logger.go:53: Request: GET /static/hhh.png from [::1]:65262
[OTHER] 2025/04/16 17:25:54 logger.go:53: Response time: 0s for GET /static/hhh.png
[OTHER] 2025/04/16 17:28:39 logger.go:53: Request: GET /userList from [::1]:49849
[OTHER] 2025/04/16 17:28:39 logger.go:53: Response time: 47.8241ms for GET /userList
[OTHER] 2025/04/16 17:28:39 logger.go:53: Request: GET /static/hhh.png from [::1]:49849
[OTHER] 2025/04/16 17:28:39 logger.go:53: Response time: 0s for GET /static/hhh.png
[OTHER] 2025/04/16 17:28:39 logger.go:53: Request: GET /static/2.jpg from [::1]:49850
[OTHER] 2025/04/16 17:28:39 logger.go:53: Response time: 0s for GET /static/2.jpg
[OTHER] 2025/04/16 17:28:40 logger.go:53: Request: GET /static/2.jpg from [::1]:49850
[OTHER] 2025/04/16 17:28:40 logger.go:53: Response time: 0s for GET /static/2.jpg
[OTHER] 2025/04/16 17:28:41 logger.go:53: Request: GET /favicon.ico from [::1]:49850
[OTHER] 2025/04/16 17:28:41 logger.go:53: Response time: 0s for GET /favicon.ico
[OTHER] 2025/04/16 17:28:52 logger.go:53: Request: GET /userList from [::1]:49875
[OTHER] 2025/04/16 17:28:52 logger.go:53: Response time: 14.3487ms for GET /userList
[OTHER] 2025/04/16 17:28:52 logger.go:53: Request: GET /static/hhh.png from [::1]:49875
[OTHER] 2025/04/16 17:28:52 logger.go:53: Response time: 0s for GET /static/hhh.png
[OTHER] 2025/04/16 17:33:48 logger.go:53: Request: GET /login from [::1]:50048
[OTHER] 2025/04/16 17:33:48 logger.go:53: Response time: 87.2774ms for GET /login
[OTHER] 2025/04/16 17:33:52 logger.go:53: Request: GET /test from [::1]:50048
[OTHER] 2025/04/16 17:33:52 logger.go:53: Response time: 41.9566ms for GET /test
[OTHER] 2025/04/16 17:34:10 logger.go:53: Request: GET /test from [::1]:50065
[OTHER] 2025/04/16 17:34:10 logger.go:53: Response time: 15.2786ms for GET /test
[OTHER] 2025/04/16 17:34:10 logger.go:53: Request: GET /static/2.jpg from [::1]:50065
[OTHER] 2025/04/16 17:34:10 logger.go:53: Response time: 0s for GET /static/2.jpg
[OTHER] 2025/04/16 17:34:20 logger.go:53: Request: GET /test from [::1]:50072
[OTHER] 2025/04/16 17:34:20 logger.go:53: Response time: 14.9237ms for GET /test
[OTHER] 2025/04/16 17:34:45 logger.go:53: Request: GET /test from [::1]:50072
[OTHER] 2025/04/16 17:34:45 logger.go:53: Response time: 0s for GET /test
[OTHER] 2025/04/16 17:34:45 logger.go:53: Request: GET /static/2.jpg from [::1]:50072
[OTHER] 2025/04/16 17:34:45 logger.go:53: Response time: 0s for GET /static/2.jpg
[OTHER] 2025/04/16 17:34:53 logger.go:53: Request: GET /test from [::1]:50093
[OTHER] 2025/04/16 17:34:53 logger.go:53: Response time: 15.1971ms for GET /test
[OTHER] 2025/04/16 17:34:53 logger.go:53: Request: GET /static/2.jpg from [::1]:50093
[OTHER] 2025/04/16 17:34:53 logger.go:53: Response time: 0s for GET /static/2.jpg
[OTHER] 2025/04/16 17:35:19 logger.go:53: Request: GET /test from [::1]:50093
[OTHER] 2025/04/16 17:35:19 logger.go:53: Response time: 0s for GET /test
[OTHER] 2025/04/16 17:35:49 logger.go:53: Request: GET /test from [::1]:50093
[OTHER] 2025/04/16 17:35:49 logger.go:53: Response time: 509.1µs for GET /test
[OTHER] 2025/04/16 17:35:49 logger.go:53: Request: GET /static/2.jpg from [::1]:50093
[OTHER] 2025/04/16 17:35:49 logger.go:53: Response time: 0s for GET /static/2.jpg
[OTHER] 2025/04/16 17:37:27 logger.go:53: Request: GET /static/2.jpg from [::1]:50093
[OTHER] 2025/04/16 17:37:27 logger.go:53: Response time: 0s for GET /static/2.jpg
[OTHER] 2025/04/16 17:38:13 logger.go:53: Request: GET /test from [::1]:50264
[OTHER] 2025/04/16 17:38:13 logger.go:53: Response time: 19.9642ms for GET /test
[OTHER] 2025/04/16 17:38:38 logger.go:53: Request: GET /test from [::1]:50264
[OTHER] 2025/04/16 17:38:38 logger.go:53: Response time: 0s for GET /test
[OTHER] 2025/04/16 17:38:38 logger.go:53: Request: GET /static/2.jpg from [::1]:50264
[OTHER] 2025/04/16 17:38:38 logger.go:53: Response time: 5.1983ms for GET /static/2.jpg
[OTHER] 2025/04/16 17:40:03 logger.go:53: Request: GET /test from [::1]:50264
[OTHER] 2025/04/16 17:40:03 logger.go:53: Response time: 505.6µs for GET /test
[OTHER] 2025/04/16 17:40:03 logger.go:53: Request: GET /1.jpg from [::1]:50264
[OTHER] 2025/04/16 17:40:03 logger.go:53: Response time: 0s for GET /1.jpg
[OTHER] 2025/04/16 17:40:03 logger.go:53: Request: GET /static/2.jpg from [::1]:50264
[OTHER] 2025/04/16 17:40:03 logger.go:53: Response time: 0s for GET /static/2.jpg
[OTHER] 2025/04/16 17:40:35 logger.go:53: Request: GET /test from [::1]:50264
[OTHER] 2025/04/16 17:40:35 logger.go:53: Response time: 0s for GET /test
[OTHER] 2025/04/16 17:40:35 logger.go:53: Request: GET /static/2.jpg from [::1]:50264
[OTHER] 2025/04/16 17:40:35 logger.go:53: Response time: 0s for GET /static/2.jpg
[OTHER] 2025/04/16 17:42:02 logger.go:53: Request: GET /test from [::1]:50264
[OTHER] 2025/04/16 17:42:02 logger.go:53: Response time: 505.7µs for GET /test
[OTHER] 2025/04/16 17:42:09 logger.go:53: Request: GET /test from [::1]:50264
[OTHER] 2025/04/16 17:42:09 logger.go:53: Response time: 0s for GET /test
[OTHER] 2025/04/16 17:43:19 logger.go:53: Request: GET /test from [::1]:50264
[OTHER] 2025/04/16 17:43:19 logger.go:53: Response time: 0s for GET /test
[OTHER] 2025/04/16 17:43:19 logger.go:53: Request: GET /static/2.jpg from [::1]:50264
[OTHER] 2025/04/16 17:43:19 logger.go:53: Response time: 0s for GET /static/2.jpg
[OTHER] 2025/04/16 17:47:01 logger.go:53: Request: GET /test from [::1]:50264
[OTHER] 2025/04/16 17:47:01 logger.go:53: Response time: 0s for GET /test
[OTHER] 2025/04/16 17:47:01 logger.go:53: Request: GET /static/2.jpg from [::1]:50264
[OTHER] 2025/04/16 17:47:01 logger.go:53: Response time: 0s for GET /static/2.jpg
[OTHER] 2025/04/16 17:47:05 logger.go:53: Request: GET /test from [::1]:50264
[OTHER] 2025/04/16 17:47:05 logger.go:53: Response time: 1.5089ms for GET /test
[OTHER] 2025/04/16 17:47:05 logger.go:53: Request: GET /static/2.jpg from [::1]:50264
[OTHER] 2025/04/16 17:47:05 logger.go:53: Response time: 0s for GET /static/2.jpg
[OTHER] 2025/04/16 17:55:19 logger.go:53: Request: GET /userList from [::1]:58545
[OTHER] 2025/04/16 17:55:19 logger.go:53: Response time: 22.1102ms for GET /userList
[OTHER] 2025/04/16 17:55:19 logger.go:53: Request: GET /static/hhh.png from [::1]:58545
[OTHER] 2025/04/16 17:55:19 logger.go:53: Response time: 0s for GET /static/hhh.png
[OTHER] 2025/04/16 17:55:58 logger.go:53: Request: GET /userList from [::1]:58577
[OTHER] 2025/04/16 17:55:59 logger.go:53: Response time: 22.7618ms for GET /userList
[OTHER] 2025/04/16 17:55:59 logger.go:53: Request: GET /static/hhh.png from [::1]:58577
[OTHER] 2025/04/16 17:55:59 logger.go:53: Response time: 0s for GET /static/hhh.png
[OTHER] 2025/04/16 17:55:59 logger.go:53: Request: GET /static/1.jpg} from [::1]:58578
[OTHER] 2025/04/16 17:55:59 logger.go:53: Response time: 0s for GET /static/1.jpg}
[OTHER] 2025/04/16 17:55:59 logger.go:53: Request: GET /static/userC_1744793479443547800.jpg} from [::1]:58578
[OTHER] 2025/04/16 17:55:59 logger.go:53: Response time: 0s for GET /static/userC_1744793479443547800.jpg}
[OTHER] 2025/04/16 17:55:59 logger.go:53: Request: GET /static/avatar/userD_1744204322899868000.jpg} from [::1]:58577
[OTHER] 2025/04/16 17:55:59 logger.go:53: Response time: 0s for GET /static/avatar/userD_1744204322899868000.jpg}
[OTHER] 2025/04/16 17:55:59 logger.go:53: Request: GET /static/avatar/userE_1744251811232579300.jpg} from [::1]:58579
[OTHER] 2025/04/16 17:55:59 logger.go:53: Response time: 509.9µs for GET /static/avatar/userE_1744251811232579300.jpg}
[OTHER] 2025/04/16 17:55:59 logger.go:53: Request: GET /static/avatar/userF_1744252834612802500.jpg} from [::1]:58580
[OTHER] 2025/04/16 17:55:59 logger.go:53: Response time: 0s for GET /static/avatar/userF_1744252834612802500.jpg}
[OTHER] 2025/04/16 17:55:59 logger.go:53: Request: GET /static/1.jpg} from [::1]:58580
[OTHER] 2025/04/16 17:55:59 logger.go:53: Response time: 0s for GET /static/1.jpg}
[OTHER] 2025/04/16 17:56:13 logger.go:53: Request: GET /static/avatar/userE_1744251811232579300.jpg} from [::1]:58580
[OTHER] 2025/04/16 17:56:13 logger.go:53: Response time: 0s for GET /static/avatar/userE_1744251811232579300.jpg}
[OTHER] 2025/04/16 17:57:45 logger.go:53: Request: GET /userList from [::1]:58708
[OTHER] 2025/04/16 17:57:45 logger.go:53: Response time: 18.9928ms for GET /userList
[OTHER] 2025/04/16 17:57:46 logger.go:53: Request: GET /static/hhh.png from [::1]:58708
[OTHER] 2025/04/16 17:57:46 logger.go:53: Response time: 0s for GET /static/hhh.png
[OTHER] 2025/04/16 17:57:46 logger.go:53: Request: GET /static/userC_1744793479443547800.jpg from [::1]:58708
[OTHER] 2025/04/16 17:57:46 logger.go:53: Response time: 0s for GET /static/userC_1744793479443547800.jpg
[OTHER] 2025/04/16 17:57:46 logger.go:53: Request: GET /static/avatar/userD_1744204322899868000.jpg from [::1]:58708
[OTHER] 2025/04/16 17:57:46 logger.go:53: Response time: 0s for GET /static/avatar/userD_1744204322899868000.jpg
[OTHER] 2025/04/16 17:57:46 logger.go:53: Request: GET /static/avatar/userE_1744251811232579300.jpg from [::1]:58708
[OTHER] 2025/04/16 17:57:46 logger.go:53: Response time: 0s for GET /static/avatar/userE_1744251811232579300.jpg
[OTHER] 2025/04/16 17:57:46 logger.go:53: Request: GET /static/avatar/userF_1744252834612802500.jpg from [::1]:58708
[OTHER] 2025/04/16 17:57:46 logger.go:53: Response time: 0s for GET /static/avatar/userF_1744252834612802500.jpg
[OTHER] 2025/04/16 17:58:12 logger.go:53: Request: GET /static/avatar/userE_1744251811232579300.jpg from [::1]:58708
[OTHER] 2025/04/16 17:58:12 logger.go:53: Response time: 999.8µs for GET /static/avatar/userE_1744251811232579300.jpg
[OTHER] 2025/04/16 17:58:18 logger.go:53: Request: GET /userList from [::1]:58708
[OTHER] 2025/04/16 17:58:18 logger.go:53: Response time: 2.0873ms for GET /userList
[OTHER] 2025/04/16 17:58:18 logger.go:53: Request: GET /static/hhh.png from [::1]:58708
[OTHER] 2025/04/16 17:58:18 logger.go:53: Response time: 0s for GET /static/hhh.png
[OTHER] 2025/04/16 17:58:18 logger.go:53: Request: GET /static/avatar/user1_1744355751506502400.jpg from [::1]:58709
[OTHER] 2025/04/16 17:58:18 logger.go:53: Response time: 0s for GET /static/avatar/user1_1744355751506502400.jpg
[OTHER] 2025/04/16 17:58:18 logger.go:53: Request: GET /static/avatar/埃里克_1744591729177460600.jpg from [::1]:58709
[OTHER] 2025/04/16 17:58:18 logger.go:53: Response time: 0s for GET /static/avatar/埃里克_1744591729177460600.jpg
[OTHER] 2025/04/16 17:58:18 logger.go:53: Request: GET /static/avatar/淀粉_1744591803158434400.jpg from [::1]:58708
[OTHER] 2025/04/16 17:58:18 logger.go:53: Response time: 0s for GET /static/avatar/淀粉_1744591803158434400.jpg
[OTHER] 2025/04/16 17:58:18 logger.go:53: Request: GET /static/avatar/阿吉_1744633469306199800.jpg from [::1]:58733
[OTHER] 2025/04/16 17:58:18 logger.go:53: Response time: 530.3µs for GET /static/avatar/阿吉_1744633469306199800.jpg
[OTHER] 2025/04/16 17:58:18 logger.go:53: Request: GET /static/avatar/吉米_1744633498480497200.jpg from [::1]:58734
[OTHER] 2025/04/16 17:58:18 logger.go:53: Response time: 0s for GET /static/avatar/吉米_1744633498480497200.jpg
[OTHER] 2025/04/16 17:58:18 logger.go:53: Request: GET /static/avatar/夏莉_1744792801883222300.jpg from [::1]:58735
[OTHER] 2025/04/16 17:58:18 logger.go:53: Response time: 0s for GET /static/avatar/夏莉_1744792801883222300.jpg
[OTHER] 2025/04/16 17:58:18 logger.go:53: Request: GET /static/avatar/用户468743_1744633580891795600.jpg from [::1]:58736
[OTHER] 2025/04/16 17:58:18 logger.go:53: Response time: 0s for GET /static/avatar/用户468743_1744633580891795600.jpg
[OTHER] 2025/04/16 17:58:19 logger.go:53: Request: GET /userList from [::1]:58736
[OTHER] 2025/04/16 17:58:19 logger.go:53: Response time: 2.3486ms for GET /userList
[OTHER] 2025/04/16 17:58:19 logger.go:53: Request: GET /static/hhh.png from [::1]:58736
[OTHER] 2025/04/16 17:58:19 logger.go:53: Response time: 0s for GET /static/hhh.png
[OTHER] 2025/04/16 17:58:19 logger.go:53: Request: GET /static/avatar/userH_1744722853568190500.jpg from [::1]:58735
[OTHER] 2025/04/16 17:58:19 logger.go:53: Response time: 0s for GET /static/avatar/userH_1744722853568190500.jpg
[OTHER] 2025/04/16 17:58:19 logger.go:53: Request: GET /static/集集堡_1744793543580285700.jpg from [::1]:58735
[OTHER] 2025/04/16 17:58:19 logger.go:53: Response time: 0s for GET /static/集集堡_1744793543580285700.jpg
[OTHER] 2025/04/16 17:58:19 logger.go:53: Request: GET /static/avatar/userH_1744722853568190500.jpg from [::1]:58735
[OTHER] 2025/04/16 17:58:19 logger.go:53: Response time: 0s for GET /static/avatar/userH_1744722853568190500.jpg
[OTHER] 2025/04/16 17:58:26 logger.go:53: Request: GET /userList from [::1]:58753
[OTHER] 2025/04/16 17:58:26 logger.go:53: Response time: 2.5813ms for GET /userList
[OTHER] 2025/04/16 17:58:26 logger.go:53: Request: GET /static/hhh.png from [::1]:58753
[OTHER] 2025/04/16 17:58:26 logger.go:53: Response time: 0s for GET /static/hhh.png
[OTHER] 2025/04/16 17:58:26 logger.go:53: Request: GET /static/avatar/user1_1744355751506502400.jpg from [::1]:58754
[OTHER] 2025/04/16 17:58:26 logger.go:53: Response time: 0s for GET /static/avatar/user1_1744355751506502400.jpg
[OTHER] 2025/04/16 17:58:26 logger.go:53: Request: GET /static/avatar/埃里克_1744591729177460600.jpg from [::1]:58754
[OTHER] 2025/04/16 17:58:26 logger.go:53: Response time: 0s for GET /static/avatar/埃里克_1744591729177460600.jpg
[OTHER] 2025/04/16 17:58:26 logger.go:53: Request: GET /static/avatar/淀粉_1744591803158434400.jpg from [::1]:58753
[OTHER] 2025/04/16 17:58:26 logger.go:53: Response time: 507.5µs for GET /static/avatar/淀粉_1744591803158434400.jpg
[OTHER] 2025/04/16 17:58:26 logger.go:53: Request: GET /static/avatar/阿吉_1744633469306199800.jpg from [::1]:58757
[OTHER] 2025/04/16 17:58:26 logger.go:53: Response time: 0s for GET /static/avatar/阿吉_1744633469306199800.jpg
[OTHER] 2025/04/16 17:58:26 logger.go:53: Request: GET /static/avatar/吉米_1744633498480497200.jpg from [::1]:58759
[OTHER] 2025/04/16 17:58:26 logger.go:53: Response time: 0s for GET /static/avatar/吉米_1744633498480497200.jpg
[OTHER] 2025/04/16 17:58:26 logger.go:53: Request: GET /static/avatar/夏莉_1744792801883222300.jpg from [::1]:58760
[OTHER] 2025/04/16 17:58:26 logger.go:53: Response time: 0s for GET /static/avatar/夏莉_1744792801883222300.jpg
[OTHER] 2025/04/16 17:58:26 logger.go:53: Request: GET /static/avatar/用户468743_1744633580891795600.jpg from [::1]:58761
[OTHER] 2025/04/16 17:58:26 logger.go:53: Response time: 0s for GET /static/avatar/用户468743_1744633580891795600.jpg
[OTHER] 2025/04/16 17:58:28 logger.go:53: Request: GET /userList from [::1]:58761
[OTHER] 2025/04/16 17:58:28 logger.go:53: Response time: 2.781ms for GET /userList
[OTHER] 2025/04/16 17:58:28 logger.go:53: Request: GET /static/hhh.png from [::1]:58761
[OTHER] 2025/04/16 17:58:28 logger.go:53: Response time: 0s for GET /static/hhh.png
[OTHER] 2025/04/16 17:58:28 logger.go:53: Request: GET /static/userC_1744793479443547800.jpg from [::1]:58760
[OTHER] 2025/04/16 17:58:28 logger.go:53: Response time: 0s for GET /static/userC_1744793479443547800.jpg
[OTHER] 2025/04/16 17:58:28 logger.go:53: Request: GET /static/avatar/userD_1744204322899868000.jpg from [::1]:58760
[OTHER] 2025/04/16 17:58:28 logger.go:53: Request: GET /static/avatar/userE_1744251811232579300.jpg from [::1]:58761
[OTHER] 2025/04/16 17:58:28 logger.go:53: Response time: 0s for GET /static/avatar/userE_1744251811232579300.jpg
[OTHER] 2025/04/16 17:58:28 logger.go:53: Response time: 505.8µs for GET /static/avatar/userD_1744204322899868000.jpg
[OTHER] 2025/04/16 17:58:28 logger.go:53: Request: GET /static/avatar/userF_1744252834612802500.jpg from [::1]:58759
[OTHER] 2025/04/16 17:58:28 logger.go:53: Response time: 527.4µs for GET /static/avatar/userF_1744252834612802500.jpg
[OTHER] 2025/04/16 18:02:38 logger.go:53: Request: GET /userList from [::1]:58976
[OTHER] 2025/04/16 18:02:38 logger.go:53: Response time: 22.0118ms for GET /userList
[OTHER] 2025/04/16 18:02:43 logger.go:53: Request: GET /userList from [::1]:58976
[OTHER] 2025/04/16 18:02:43 logger.go:53: Response time: 2.3605ms for GET /userList
[OTHER] 2025/04/16 18:02:55 logger.go:53: Request: POST /api/users/update/27 from [::1]:58976
[OTHER] 2025/04/16 18:02:55 logger.go:53: Response time: 17.8514ms for POST /api/users/update/27
[OTHER] 2025/04/16 18:02:56 logger.go:53: Request: GET /userList from [::1]:58976
[OTHER] 2025/04/16 18:02:56 logger.go:53: Response time: 2.7046ms for GET /userList
[OTHER] 2025/04/16 18:02:56 logger.go:53: Request: GET /static/userF_1744797775601233000.jpg from [::1]:58976
[OTHER] 2025/04/16 18:02:56 logger.go:53: Response time: 0s for GET /static/userF_1744797775601233000.jpg
[OTHER] 2025/04/16 18:05:33 logger.go:53: Request: GET /userList from [::1]:59145
[OTHER] 2025/04/16 18:05:33 logger.go:53: Response time: 15.1863ms for GET /userList
[OTHER] 2025/04/16 18:05:36 logger.go:53: Request: GET /userList from [::1]:59145
[OTHER] 2025/04/16 18:05:36 logger.go:53: Response time: 0s for GET /userList
[OTHER] 2025/04/16 18:06:00 logger.go:53: Request: GET /userList from [::1]:59145
[OTHER] 2025/04/16 18:06:00 logger.go:53: Response time: 0s for GET /userList
[OTHER] 2025/04/16 18:10:23 logger.go:53: Request: GET /userList from [::1]:59291
[OTHER] 2025/04/16 18:10:23 logger.go:53: Response time: 19.1809ms for GET /userList
[OTHER] 2025/04/16 18:10:32 logger.go:53: Request: POST /api/users/update/26 from [::1]:59291
[OTHER] 2025/04/16 18:10:32 logger.go:53: Response time: 30.6545ms for POST /api/users/update/26
[OTHER] 2025/04/16 18:10:33 logger.go:53: Request: GET /userList from [::1]:59291
[OTHER] 2025/04/16 18:10:33 logger.go:53: Response time: 2.8819ms for GET /userList
